Using pre-set license
Built from '2020.3/staging' branch; Version is '2020.3.8f1 (507919d4fff5) revision 5273881'; Using compiler version '192528614'; Build Type 'Release'
OS: 'Windows 10 Home Single Language; OS build 19041.746; Version 2004; 64bit' Language: 'en' Physical Memory: 16275 MB
BatchMode: 1, IsHumanControllingUs: 0, StartBugReporterOnCrash: 0, Is64bit: 1, IsPro: 0

 COMMAND LINE ARGUMENTS:
C:\Program Files\Unity\Hub\Editor\2020.3.8f1\Editor\Unity.exe
-adb2
-batchMode
-noUpm
-name
AssetImportWorker0
-projectPath
D:/Unity Projects/Dodging Dog Game
-logFile
Logs/AssetImportWorker0.log
-srvPort
50173
Successfully changed project path to: D:/Unity Projects/Dodging Dog Game
D:/Unity Projects/Dodging Dog Game
Using Asset Import Pipeline V2.
Refreshing native plugins compatible for Editor in 44.50 ms, found 1 plugins.
Preloading 0 native plugins for Editor in 0.00 ms.
Initialize engine version: 2020.3.8f1 (507919d4fff5)
[Subsystems] Discovering subsystems at path C:/Program Files/Unity/Hub/Editor/2020.3.8f1/Editor/Data/Resources/UnitySubsystems
[Subsystems] Discovering subsystems at path D:/Unity Projects/Dodging Dog Game/Assets
GfxDevice: creating device client; threaded=0
Direct3D:
    Version:  Direct3D 11.0 [level 11.0]
    Renderer: NVIDIA GeForce MX130 (ID=0x174d)
    Vendor:   
    VRAM:     2010 MB
    Driver:   27.21.14.6079
Initialize mono
Mono path[0] = 'C:/Program Files/Unity/Hub/Editor/2020.3.8f1/Editor/Data/Managed'
Mono path[1] = 'C:/Program Files/Unity/Hub/Editor/2020.3.8f1/Editor/Data/MonoBleedingEdge/lib/mono/unityjit'
Mono config path = 'C:/Program Files/Unity/Hub/Editor/2020.3.8f1/Editor/Data/MonoBleedingEdge/etc'
Using monoOptions --debugger-agent=transport=dt_socket,embedding=1,server=y,suspend=n,address=127.0.0.1:56352
Begin MonoManager ReloadAssembly
Registering precompiled unity dll's ...
Register platform support module: C:/Program Files/Unity/Hub/Editor/2020.3.8f1/Editor/Data/PlaybackEngines/WindowsStandaloneSupport/UnityEditor.WindowsStandalone.Extensions.dll
Registered in 0.002060 seconds.
Native extension for WindowsStandalone target not found
Refreshing native plugins compatible for Editor in 39.64 ms, found 1 plugins.
Preloading 0 native plugins for Editor in 0.00 ms.
Mono: successfully reloaded assembly
- Completed reload, in  2.002 seconds
Platform modules already initialized, skipping
Registering precompiled user dll's ...
Registered in 0.000761 seconds.
Begin MonoManager ReloadAssembly
Native extension for WindowsStandalone target not found
Refreshing native plugins compatible for Editor in 38.85 ms, found 1 plugins.
Preloading 0 native plugins for Editor in 0.00 ms.
Mono: successfully reloaded assembly
- Completed reload, in  1.036 seconds
Platform modules already initialized, skipping
========================================================================
Worker process is ready to serve import requests
Launched and connected shader compiler UnityShaderCompiler.exe after 0.05 seconds
Refreshing native plugins compatible for Editor in 0.42 ms, found 1 plugins.
Preloading 0 native plugins for Editor in 0.00 ms.
Unloading 1812 Unused Serialized files (Serialized files now loaded: 0)
System memory in use before: 85.3 MB.
System memory in use after: 85.2 MB.

Unloading 24 unused Assets to reduce memory usage. Loaded Objects now: 2255.
Total: 7.829400 ms (FindLiveObjects: 0.757100 ms CreateObjectMapping: 0.138300 ms MarkObjects: 6.772300 ms  DeleteObjects: 0.158700 ms)

========================================================================
Received Import Request.
  path: Assets/Scenes/Game.unity
  artifactKey: Guid(2cda990e2423bbf4892e6590ba056729) Importer(815301076,1909f56bfc062723c751e8b465ee728b)
Start importing Assets/Scenes/Game.unity using Guid(2cda990e2423bbf4892e6590ba056729) Importer(815301076,1909f56bfc062723c751e8b465ee728b)  -> (artifact id: '73802c861be4f7c8bed7e620af37ea08') in 0.019183 seconds
  Import took 0.022729 seconds .

========================================================================
Received Prepare
Registering precompiled user dll's ...
Registered in 0.000800 seconds.
Begin MonoManager ReloadAssembly
Native extension for WindowsStandalone target not found
Refreshing native plugins compatible for Editor in 0.44 ms, found 1 plugins.
Preloading 0 native plugins for Editor in 0.00 ms.
Mono: successfully reloaded assembly
- Completed reload, in  0.952 seconds
Platform modules already initialized, skipping
Refreshing native plugins compatible for Editor in 0.43 ms, found 1 plugins.
Preloading 0 native plugins for Editor in 0.00 ms.
Unloading 1807 Unused Serialized files (Serialized files now loaded: 0)
System memory in use before: 85.2 MB.
System memory in use after: 85.2 MB.

Unloading 12 unused Assets to reduce memory usage. Loaded Objects now: 2259.
Total: 2.608900 ms (FindLiveObjects: 0.226300 ms CreateObjectMapping: 0.061600 ms MarkObjects: 2.211000 ms  DeleteObjects: 0.109100 ms)

========================================================================
Received Prepare
Registering precompiled user dll's ...
Registered in 0.000792 seconds.
Begin MonoManager ReloadAssembly
Native extension for WindowsStandalone target not found
Refreshing native plugins compatible for Editor in 0.39 ms, found 1 plugins.
Preloading 0 native plugins for Editor in 0.00 ms.
Mono: successfully reloaded assembly
- Completed reload, in  0.912 seconds
Platform modules already initialized, skipping
Refreshing native plugins compatible for Editor in 0.34 ms, found 1 plugins.
Preloading 0 native plugins for Editor in 0.00 ms.
Unloading 1807 Unused Serialized files (Serialized files now loaded: 0)
System memory in use before: 85.3 MB.
System memory in use after: 85.2 MB.

Unloading 12 unused Assets to reduce memory usage. Loaded Objects now: 2263.
Total: 2.555700 ms (FindLiveObjects: 0.212600 ms CreateObjectMapping: 0.059200 ms MarkObjects: 2.172400 ms  DeleteObjects: 0.110500 ms)

========================================================================
Received Import Request.
  Time since last request: 944.442711 seconds.
  path: Assets/Scenes/MainMenu.unity
  artifactKey: Guid(69a64949092dc47449ede15696180170) Importer(815301076,1909f56bfc062723c751e8b465ee728b)
Start importing Assets/Scenes/MainMenu.unity using Guid(69a64949092dc47449ede15696180170) Importer(815301076,1909f56bfc062723c751e8b465ee728b)  -> (artifact id: '5a2edfbbdac2a1fb751a2c7650644160') in 0.022884 seconds
  Import took 0.029713 seconds .

========================================================================
Received Import Request.
  Time since last request: 285.344566 seconds.
  path: Assets/Scripts/MenuController.cs
  artifactKey: Guid(8248f3ab441eda849b01c9270517bb73) Importer(815301076,1909f56bfc062723c751e8b465ee728b)
Start importing Assets/Scripts/MenuController.cs using Guid(8248f3ab441eda849b01c9270517bb73) Importer(815301076,1909f56bfc062723c751e8b465ee728b)  -> (artifact id: '06656d5ba7e798319da6b3e8126b4d49') in 0.062481 seconds
  Import took 0.069719 seconds .

========================================================================
Received Prepare
Registering precompiled user dll's ...
Registered in 0.001838 seconds.
Begin MonoManager ReloadAssembly
Native extension for WindowsStandalone target not found
Refreshing native plugins compatible for Editor in 0.85 ms, found 1 plugins.
Preloading 0 native plugins for Editor in 0.00 ms.
Mono: successfully reloaded assembly
- Completed reload, in  1.887 seconds
Platform modules already initialized, skipping
Refreshing native plugins compatible for Editor in 0.86 ms, found 1 plugins.
Preloading 0 native plugins for Editor in 0.00 ms.
Unloading 1808 Unused Serialized files (Serialized files now loaded: 0)
System memory in use before: 85.3 MB.
System memory in use after: 85.3 MB.

Unloading 12 unused Assets to reduce memory usage. Loaded Objects now: 2268.
Total: 3.587600 ms (FindLiveObjects: 0.446500 ms CreateObjectMapping: 0.229200 ms MarkObjects: 2.738900 ms  DeleteObjects: 0.170500 ms)

========================================================================
Received Prepare
Registering precompiled user dll's ...
Registered in 0.001953 seconds.
Begin MonoManager ReloadAssembly
Native extension for WindowsStandalone target not found
Refreshing native plugins compatible for Editor in 0.92 ms, found 1 plugins.
Preloading 0 native plugins for Editor in 0.00 ms.
Mono: successfully reloaded assembly
- Completed reload, in  2.175 seconds
Platform modules already initialized, skipping
Refreshing native plugins compatible for Editor in 0.53 ms, found 1 plugins.
Preloading 0 native plugins for Editor in 0.00 ms.
Unloading 1808 Unused Serialized files (Serialized files now loaded: 0)
System memory in use before: 85.4 MB.
System memory in use after: 85.4 MB.

Unloading 12 unused Assets to reduce memory usage. Loaded Objects now: 2272.
Total: 5.537700 ms (FindLiveObjects: 0.402400 ms CreateObjectMapping: 0.174400 ms MarkObjects: 4.729100 ms  DeleteObjects: 0.229600 ms)

========================================================================
Received Prepare
Registering precompiled user dll's ...
Registered in 0.001906 seconds.
Begin MonoManager ReloadAssembly
Native extension for WindowsStandalone target not found
Refreshing native plugins compatible for Editor in 0.92 ms, found 1 plugins.
Preloading 0 native plugins for Editor in 0.00 ms.
Mono: successfully reloaded assembly
- Completed reload, in  1.956 seconds
Platform modules already initialized, skipping
Refreshing native plugins compatible for Editor in 0.57 ms, found 1 plugins.
Preloading 0 native plugins for Editor in 0.00 ms.
Unloading 1808 Unused Serialized files (Serialized files now loaded: 0)
System memory in use before: 85.4 MB.
System memory in use after: 85.4 MB.

Unloading 12 unused Assets to reduce memory usage. Loaded Objects now: 2276.
Total: 5.149700 ms (FindLiveObjects: 0.391600 ms CreateObjectMapping: 0.146000 ms MarkObjects: 4.372300 ms  DeleteObjects: 0.237000 ms)

========================================================================
Received Prepare
Registering precompiled user dll's ...
Registered in 0.001876 seconds.
Begin MonoManager ReloadAssembly
Native extension for WindowsStandalone target not found
Refreshing native plugins compatible for Editor in 0.51 ms, found 1 plugins.
Preloading 0 native plugins for Editor in 0.00 ms.
Mono: successfully reloaded assembly
- Completed reload, in  1.539 seconds
Platform modules already initialized, skipping
Refreshing native plugins compatible for Editor in 0.49 ms, found 1 plugins.
Preloading 0 native plugins for Editor in 0.00 ms.
Unloading 1808 Unused Serialized files (Serialized files now loaded: 0)
System memory in use before: 85.4 MB.
System memory in use after: 85.4 MB.

Unloading 12 unused Assets to reduce memory usage. Loaded Objects now: 2280.
Total: 4.580500 ms (FindLiveObjects: 0.384000 ms CreateObjectMapping: 0.176800 ms MarkObjects: 3.787400 ms  DeleteObjects: 0.229500 ms)

========================================================================
Received Prepare
Registering precompiled user dll's ...
Registered in 0.001181 seconds.
Begin MonoManager ReloadAssembly
Native extension for WindowsStandalone target not found
Refreshing native plugins compatible for Editor in 0.50 ms, found 1 plugins.
Preloading 0 native plugins for Editor in 0.00 ms.
Mono: successfully reloaded assembly
- Completed reload, in  1.543 seconds
Platform modules already initialized, skipping
Refreshing native plugins compatible for Editor in 0.48 ms, found 1 plugins.
Preloading 0 native plugins for Editor in 0.00 ms.
Unloading 1808 Unused Serialized files (Serialized files now loaded: 0)
System memory in use before: 85.4 MB.
System memory in use after: 85.4 MB.

Unloading 12 unused Assets to reduce memory usage. Loaded Objects now: 2284.
Total: 4.087300 ms (FindLiveObjects: 0.327900 ms CreateObjectMapping: 0.117900 ms MarkObjects: 3.401600 ms  DeleteObjects: 0.237800 ms)

========================================================================
Received Prepare
Registering precompiled user dll's ...
Registered in 0.001209 seconds.
Begin MonoManager ReloadAssembly
Native extension for WindowsStandalone target not found
Refreshing native plugins compatible for Editor in 0.47 ms, found 1 plugins.
Preloading 0 native plugins for Editor in 0.00 ms.
Mono: successfully reloaded assembly
- Completed reload, in  1.483 seconds
Platform modules already initialized, skipping
Switching build target platform(5) subTarget(0) extendedPlatform(0) -> platform(13) subTarget(537395200) extendedPlatform(0)
Refreshing native plugins compatible for Editor in 0.53 ms, found 1 plugins.
Preloading 0 native plugins for Editor in 0.00 ms.
Unloading 1812 Unused Serialized files (Serialized files now loaded: 0)
System memory in use before: 85.5 MB.
System memory in use after: 85.4 MB.

Unloading 12 unused Assets to reduce memory usage. Loaded Objects now: 2288.
Total: 3.795900 ms (FindLiveObjects: 0.242300 ms CreateObjectMapping: 0.106400 ms MarkObjects: 3.239500 ms  DeleteObjects: 0.205800 ms)

AssetImportParameters requested are different than current active one (requested -> active):
  custom:graphics/normal-map-encoding: 01000000000000000000000000000000 -> 02000000000000000000000000000000
========================================================================
Received Prepare
Refreshing native plugins compatible for Editor in 2.67 ms, found 1 plugins.
Preloading 0 native plugins for Editor in 0.00 ms.
Unloading 10 Unused Serialized files (Serialized files now loaded: 0)
System memory in use before: 49.8 MB.
System memory in use after: 49.8 MB.

Unloading 10 unused Assets to reduce memory usage. Loaded Objects now: 2288.
Total: 4.085700 ms (FindLiveObjects: 0.343600 ms CreateObjectMapping: 0.144200 ms MarkObjects: 3.402500 ms  DeleteObjects: 0.194000 ms)

========================================================================
Received Import Request.
  Time since last request: 1077.616463 seconds.
  path: Assets/Free mountain background/Transparent PNG/Full-Background.png
  artifactKey: Guid(3f27935161e156647b9446638d5df68b) Importer(815301076,1909f56bfc062723c751e8b465ee728b)
Start importing Assets/Free mountain background/Transparent PNG/Full-Background.png using Guid(3f27935161e156647b9446638d5df68b) Importer(815301076,1909f56bfc062723c751e8b465ee728b)  -> (artifact id: 'ae1c0a8ffbc029ca43dd39a8e68ae79e') in 0.310520 seconds
  Import took 0.317024 seconds .

========================================================================
Received Import Request.
  Time since last request: 0.000332 seconds.
  path: Assets/stickmanrun/Layer 3.png
  artifactKey: Guid(35ec45e72fcce3e41b7e23bd8a26c800) Importer(815301076,1909f56bfc062723c751e8b465ee728b)
Start importing Assets/stickmanrun/Layer 3.png using Guid(35ec45e72fcce3e41b7e23bd8a26c800) Importer(815301076,1909f56bfc062723c751e8b465ee728b)  -> (artifact id: 'ce0f47b07128388c2aae5ed8f9388a50') in 0.032537 seconds
  Import took 0.039178 seconds .

========================================================================
Received Import Request.
  Time since last request: 0.000340 seconds.
  path: Assets/stickmanrun/Layer 10.png
  artifactKey: Guid(7ae7db23a7dbc2a43bab3fe191ed1db2) Importer(815301076,1909f56bfc062723c751e8b465ee728b)
Start importing Assets/stickmanrun/Layer 10.png using Guid(7ae7db23a7dbc2a43bab3fe191ed1db2) Importer(815301076,1909f56bfc062723c751e8b465ee728b)  -> (artifact id: '1260a654f6b4237094e32acea4008f3e') in 0.026970 seconds
  Import took 0.033273 seconds .

========================================================================
Received Import Request.
  Time since last request: 0.000362 seconds.
  path: Assets/Free mountain background/Transparent PNG/layer-1-sky.png
  artifactKey: Guid(7d7d9ae6cccdf2f4eab3f23305da91fa) Importer(815301076,1909f56bfc062723c751e8b465ee728b)
Start importing Assets/Free mountain background/Transparent PNG/layer-1-sky.png using Guid(7d7d9ae6cccdf2f4eab3f23305da91fa) Importer(815301076,1909f56bfc062723c751e8b465ee728b)  -> (artifact id: 'fd6fa82f930cdca182344628182031e5') in 0.081146 seconds
  Import took 0.087536 seconds .

========================================================================
Received Import Request.
  Time since last request: 0.000349 seconds.
  path: Assets/Free mountain background/Transparent PNG/layer-3-ground.png
  artifactKey: Guid(9064915e932cc284eab1d63b37b44154) Importer(815301076,1909f56bfc062723c751e8b465ee728b)
Start importing Assets/Free mountain background/Transparent PNG/layer-3-ground.png using Guid(9064915e932cc284eab1d63b37b44154) Importer(815301076,1909f56bfc062723c751e8b465ee728b)  -> (artifact id: '4e50cd112c96efadc1de3f30239ba574') in 0.110498 seconds
  Import took 0.117242 seconds .

========================================================================
Received Import Request.
  Time since last request: 0.000317 seconds.
  path: Assets/stickmanrun/Layer 6.png
  artifactKey: Guid(648cf9486a302074cafb49d93b3561d9) Importer(815301076,1909f56bfc062723c751e8b465ee728b)
Start importing Assets/stickmanrun/Layer 6.png using Guid(648cf9486a302074cafb49d93b3561d9) Importer(815301076,1909f56bfc062723c751e8b465ee728b)  -> (artifact id: '052f407c9ef82098739a7b7b93bcaaed') in 0.025276 seconds
  Import took 0.031001 seconds .

========================================================================
Received Import Request.
  Time since last request: 0.000302 seconds.
  path: Assets/Free mountain background/Transparent PNG/Tile.png
  artifactKey: Guid(07f58bc821723c049b146364911fa4d0) Importer(815301076,1909f56bfc062723c751e8b465ee728b)
Start importing Assets/Free mountain background/Transparent PNG/Tile.png using Guid(07f58bc821723c049b146364911fa4d0) Importer(815301076,1909f56bfc062723c751e8b465ee728b)  -> (artifact id: '8fb487b21a8417cba30bfa003b929b81') in 0.041503 seconds
  Import took 0.047139 seconds .

========================================================================
Received Import Request.
  Time since last request: 0.000336 seconds.
  path: Assets/stickmanrun/Layer 11.png
  artifactKey: Guid(32d0004e569d23b46a3b7f555ee12479) Importer(815301076,1909f56bfc062723c751e8b465ee728b)
Start importing Assets/stickmanrun/Layer 11.png using Guid(32d0004e569d23b46a3b7f555ee12479) Importer(815301076,1909f56bfc062723c751e8b465ee728b)  -> (artifact id: 'f0a887cc937fc34d95b23962a9607ae9') in 0.030457 seconds
  Import took 0.036242 seconds .

========================================================================
Received Import Request.
  Time since last request: 0.000302 seconds.
  path: Assets/stickmanrun/Layer 4.png
  artifactKey: Guid(7fc27e8f5b044cf4fb385ca2b55a0541) Importer(815301076,1909f56bfc062723c751e8b465ee728b)
Start importing Assets/stickmanrun/Layer 4.png using Guid(7fc27e8f5b044cf4fb385ca2b55a0541) Importer(815301076,1909f56bfc062723c751e8b465ee728b)  -> (artifact id: '2347d37a5875fc9d93355308bb2e2e96') in 0.026262 seconds
  Import took 0.033005 seconds .

========================================================================
Received Import Request.
  Time since last request: 0.000531 seconds.
  path: Assets/stickmanrun/Layer 7.png
  artifactKey: Guid(e80f4bbae603274468d63a1a389b667c) Importer(815301076,1909f56bfc062723c751e8b465ee728b)
Start importing Assets/stickmanrun/Layer 7.png using Guid(e80f4bbae603274468d63a1a389b667c) Importer(815301076,1909f56bfc062723c751e8b465ee728b)  -> (artifact id: '2b80e1cc29377a67e4c195f274e6c81d') in 0.030312 seconds
  Import took 0.036556 seconds .

========================================================================
Received Import Request.
  Time since last request: 0.000309 seconds.
  path: Assets/stickmanrun/Layer 8.png
  artifactKey: Guid(799d097f09879094789d966558d85557) Importer(815301076,1909f56bfc062723c751e8b465ee728b)
Start importing Assets/stickmanrun/Layer 8.png using Guid(799d097f09879094789d966558d85557) Importer(815301076,1909f56bfc062723c751e8b465ee728b)  -> (artifact id: '10fbff392e5953573b50642a924d233c') in 0.032266 seconds
  Import took 0.038406 seconds .

========================================================================
Received Import Request.
  Time since last request: 0.000517 seconds.
  path: Assets/stickmanrun/Layer 5.png
  artifactKey: Guid(a9cc7439516ce094f8dd066260eba8f5) Importer(815301076,1909f56bfc062723c751e8b465ee728b)
Start importing Assets/stickmanrun/Layer 5.png using Guid(a9cc7439516ce094f8dd066260eba8f5) Importer(815301076,1909f56bfc062723c751e8b465ee728b)  -> (artifact id: '1a164e2a46825b5226a6332450cd1ba0') in 0.030981 seconds
  Import took 0.037566 seconds .

========================================================================
Received Import Request.
  Time since last request: 0.000327 seconds.
  path: Assets/stickmanrun/Layer 2.png
  artifactKey: Guid(419cbb2ef8dfaf1459135b6c673cc376) Importer(815301076,1909f56bfc062723c751e8b465ee728b)
Start importing Assets/stickmanrun/Layer 2.png using Guid(419cbb2ef8dfaf1459135b6c673cc376) Importer(815301076,1909f56bfc062723c751e8b465ee728b)  -> (artifact id: 'e1355569591f1d88dbcea110b0cf59cb') in 0.026949 seconds
  Import took 0.033293 seconds .

========================================================================
Received Import Request.
  Time since last request: 0.000360 seconds.
  path: Assets/stickmanrun/layer 1.png
  artifactKey: Guid(e4bc47e99f243fd4a8f2583148458813) Importer(815301076,1909f56bfc062723c751e8b465ee728b)
Start importing Assets/stickmanrun/layer 1.png using Guid(e4bc47e99f243fd4a8f2583148458813) Importer(815301076,1909f56bfc062723c751e8b465ee728b)  -> (artifact id: '15d13b0dbed8493b6258eb706aff4819') in 0.025802 seconds
  Import took 0.032439 seconds .

========================================================================
Received Import Request.
  Time since last request: 0.000350 seconds.
  path: Assets/Free mountain background/Transparent PNG/layer-2-mountain.png
  artifactKey: Guid(fd91ea0c6b24bb24c8c7e4487cb6d4e4) Importer(815301076,1909f56bfc062723c751e8b465ee728b)
Start importing Assets/Free mountain background/Transparent PNG/layer-2-mountain.png using Guid(fd91ea0c6b24bb24c8c7e4487cb6d4e4) Importer(815301076,1909f56bfc062723c751e8b465ee728b)  -> (artifact id: '020a99c64b0ded0962eb9b6d9bbf4b5f') in 0.087469 seconds
  Import took 0.094820 seconds .

========================================================================
Received Import Request.
  Time since last request: 0.000338 seconds.
  path: Assets/stickmanrun/Layer 2.png
  artifactKey: Guid(419cbb2ef8dfaf1459135b6c673cc376) Importer(815301076,1909f56bfc062723c751e8b465ee728b)
Start importing Assets/stickmanrun/Layer 2.png using Guid(419cbb2ef8dfaf1459135b6c673cc376) Importer(815301076,1909f56bfc062723c751e8b465ee728b)  -> (artifact id: 'e1355569591f1d88dbcea110b0cf59cb') in 0.032909 seconds
  Import took 0.038783 seconds .

========================================================================
Received Import Request.
  Time since last request: 0.000318 seconds.
  path: Assets/stickmanrun/Layer 9.png
  artifactKey: Guid(293ca53e03f871543a76e873a030b9b3) Importer(815301076,1909f56bfc062723c751e8b465ee728b)
Start importing Assets/stickmanrun/Layer 9.png using Guid(293ca53e03f871543a76e873a030b9b3) Importer(815301076,1909f56bfc062723c751e8b465ee728b)  -> (artifact id: '43de08b4a32b1344ff048e8e26b92fee') in 0.032307 seconds
  Import took 0.037763 seconds .

========================================================================
Received Import Request.
  Time since last request: 0.000359 seconds.
  path: Assets/stickmanrun/Layer 12.png
  artifactKey: Guid(0e4b4ffbd238ab84babc53e4571a8ad9) Importer(815301076,1909f56bfc062723c751e8b465ee728b)
Start importing Assets/stickmanrun/Layer 12.png using Guid(0e4b4ffbd238ab84babc53e4571a8ad9) Importer(815301076,1909f56bfc062723c751e8b465ee728b)  -> (artifact id: '282c45b94d4e0c627d15ec9c41538b78') in 0.040548 seconds
  Import took 0.046935 seconds .

========================================================================
Received Import Request.
  Time since last request: 0.000325 seconds.
  path: Assets/saw.png
  artifactKey: Guid(ace296b9e08390c45b093614cf6c2977) Importer(815301076,1909f56bfc062723c751e8b465ee728b)
Start importing Assets/saw.png using Guid(ace296b9e08390c45b093614cf6c2977) Importer(815301076,1909f56bfc062723c751e8b465ee728b)  -> (artifact id: 'ff10130ea48b813d1de6275b349343cd') in 0.048181 seconds
  Import took 0.054409 seconds .

========================================================================
Received Import Request.
  Time since last request: 0.026066 seconds.
  path: Assets/saw.png
  artifactKey: Guid(ace296b9e08390c45b093614cf6c2977) Importer(815301076,1909f56bfc062723c751e8b465ee728b)
Start importing Assets/saw.png using Guid(ace296b9e08390c45b093614cf6c2977) Importer(815301076,1909f56bfc062723c751e8b465ee728b)  -> (artifact id: 'ff10130ea48b813d1de6275b349343cd') in 0.043498 seconds
  Import took 0.050050 seconds .

========================================================================
Received Import Request.
  Time since last request: 221.170391 seconds.
  path: Assets/Free mountain background/Transparent PNG/Icon.PNG
  artifactKey: Guid(7806e13e71d77ef41a382bbd13f70b54) Importer(815301076,1909f56bfc062723c751e8b465ee728b)
Start importing Assets/Free mountain background/Transparent PNG/Icon.PNG using Guid(7806e13e71d77ef41a382bbd13f70b54) Importer(815301076,1909f56bfc062723c751e8b465ee728b)  -> (artifact id: '8d0940c40f6ac3d3cedddb7b59829dde') in 0.043085 seconds
  Import took 0.049618 seconds .

========================================================================
Received Prepare
Refreshing native plugins compatible for Editor in 1.96 ms, found 1 plugins.
Preloading 0 native plugins for Editor in 0.00 ms.
Unloading 10 Unused Serialized files (Serialized files now loaded: 0)
System memory in use before: 53.3 MB.
System memory in use after: 53.3 MB.

Unloading 10 unused Assets to reduce memory usage. Loaded Objects now: 2322.
Total: 6.619100 ms (FindLiveObjects: 0.416500 ms CreateObjectMapping: 0.202100 ms MarkObjects: 5.785400 ms  DeleteObjects: 0.212500 ms)

AssetImportWorkerClient::OnTransportError - code=2 error=End of file
