Using pre-set license
Built from '2020.3/staging' branch; Version is '2020.3.8f1 (507919d4fff5) revision 5273881'; Using compiler version '192528614'; Build Type 'Release'
OS: 'Windows 10 Home Single Language; OS build 19041.746; Version 2004; 64bit' Language: 'en' Physical Memory: 16275 MB
BatchMode: 1, IsHumanControllingUs: 0, StartBugReporterOnCrash: 0, Is64bit: 1, IsPro: 0

 COMMAND LINE ARGUMENTS:
C:\Program Files\Unity\Hub\Editor\2020.3.8f1\Editor\Unity.exe
-adb2
-batchMode
-noUpm
-name
AssetImportWorker0
-projectPath
D:/Unity Projects/Dodging Dog Game
-logFile
Logs/AssetImportWorker0.log
-srvPort
63266
Successfully changed project path to: D:/Unity Projects/Dodging Dog Game
D:/Unity Projects/Dodging Dog Game
Using Asset Import Pipeline V2.
Refreshing native plugins compatible for Editor in 83.95 ms, found 1 plugins.
Preloading 0 native plugins for Editor in 0.00 ms.
Initialize engine version: 2020.3.8f1 (507919d4fff5)
[Subsystems] Discovering subsystems at path C:/Program Files/Unity/Hub/Editor/2020.3.8f1/Editor/Data/Resources/UnitySubsystems
[Subsystems] Discovering subsystems at path D:/Unity Projects/Dodging Dog Game/Assets
GfxDevice: creating device client; threaded=0
Direct3D:
    Version:  Direct3D 11.0 [level 11.0]
    Renderer: NVIDIA GeForce MX130 (ID=0x174d)
    Vendor:   
    VRAM:     2010 MB
    Driver:   27.21.14.6079
Initialize mono
Mono path[0] = 'C:/Program Files/Unity/Hub/Editor/2020.3.8f1/Editor/Data/Managed'
Mono path[1] = 'C:/Program Files/Unity/Hub/Editor/2020.3.8f1/Editor/Data/MonoBleedingEdge/lib/mono/unityjit'
Mono config path = 'C:/Program Files/Unity/Hub/Editor/2020.3.8f1/Editor/Data/MonoBleedingEdge/etc'
Using monoOptions --debugger-agent=transport=dt_socket,embedding=1,server=y,suspend=n,address=127.0.0.1:56780
Begin MonoManager ReloadAssembly
Registering precompiled unity dll's ...
Register platform support module: C:/Program Files/Unity/Hub/Editor/2020.3.8f1/Editor/Data/PlaybackEngines/WindowsStandaloneSupport/UnityEditor.WindowsStandalone.Extensions.dll
Registered in 0.004630 seconds.
Native extension for WindowsStandalone target not found
Refreshing native plugins compatible for Editor in 79.82 ms, found 1 plugins.
Preloading 0 native plugins for Editor in 0.00 ms.
Mono: successfully reloaded assembly
- Completed reload, in  4.047 seconds
Platform modules already initialized, skipping
Registering precompiled user dll's ...
Registered in 0.001991 seconds.
Begin MonoManager ReloadAssembly
Native extension for WindowsStandalone target not found
Refreshing native plugins compatible for Editor in 90.38 ms, found 1 plugins.
Preloading 0 native plugins for Editor in 0.00 ms.
Mono: successfully reloaded assembly
- Completed reload, in  2.123 seconds
Platform modules already initialized, skipping
========================================================================
Worker process is ready to serve import requests
Launched and connected shader compiler UnityShaderCompiler.exe after 0.08 seconds
Refreshing native plugins compatible for Editor in 0.74 ms, found 1 plugins.
Preloading 0 native plugins for Editor in 0.00 ms.
Unloading 1812 Unused Serialized files (Serialized files now loaded: 0)
System memory in use before: 85.0 MB.
System memory in use after: 84.9 MB.

Unloading 24 unused Assets to reduce memory usage. Loaded Objects now: 2254.
Total: 4.776300 ms (FindLiveObjects: 0.342700 ms CreateObjectMapping: 0.140400 ms MarkObjects: 3.984400 ms  DeleteObjects: 0.306600 ms)

========================================================================
Received Import Request.
  path: Assets/Scripts/GameManager.cs
  artifactKey: Guid(becaddc77f9dfdd4ca45a2ea5fe86345) Importer(815301076,1909f56bfc062723c751e8b465ee728b)
Start importing Assets/Scripts/GameManager.cs using Guid(becaddc77f9dfdd4ca45a2ea5fe86345) Importer(815301076,1909f56bfc062723c751e8b465ee728b)  -> (artifact id: '7b9639597790d7615211cc38ff95c79c') in 0.075977 seconds
  Import took 0.083186 seconds .

========================================================================
Received Import Request.
  Time since last request: 0.000634 seconds.
  path: Assets/Scripts/ObstacleScript.cs
  artifactKey: Guid(1aedf3c8ed2820d4d98eb9466276ebcf) Importer(815301076,1909f56bfc062723c751e8b465ee728b)
Start importing Assets/Scripts/ObstacleScript.cs using Guid(1aedf3c8ed2820d4d98eb9466276ebcf) Importer(815301076,1909f56bfc062723c751e8b465ee728b)  -> (artifact id: 'ed73c0c15a3c0e63cae0703a9340679e') in 0.021606 seconds
  Import took 0.029130 seconds .

========================================================================
Received Prepare
Registering precompiled user dll's ...
Registered in 0.001316 seconds.
Begin MonoManager ReloadAssembly
Native extension for WindowsStandalone target not found
Refreshing native plugins compatible for Editor in 0.61 ms, found 1 plugins.
Preloading 0 native plugins for Editor in 0.00 ms.
Mono: successfully reloaded assembly
- Completed reload, in  1.727 seconds
Platform modules already initialized, skipping
Refreshing native plugins compatible for Editor in 0.92 ms, found 1 plugins.
Preloading 0 native plugins for Editor in 0.00 ms.
Unloading 1807 Unused Serialized files (Serialized files now loaded: 0)
System memory in use before: 84.9 MB.
System memory in use after: 84.9 MB.

Unloading 12 unused Assets to reduce memory usage. Loaded Objects now: 2258.
Total: 4.040500 ms (FindLiveObjects: 0.368300 ms CreateObjectMapping: 0.133600 ms MarkObjects: 3.345100 ms  DeleteObjects: 0.191800 ms)

========================================================================
Received Import Request.
  Time since last request: 3.081984 seconds.
  path: Assets/Animations
  artifactKey: Guid(5ff6cdd73d706224b88a2b001a8a249a) Importer(815301076,1909f56bfc062723c751e8b465ee728b)
Start importing Assets/Animations using Guid(5ff6cdd73d706224b88a2b001a8a249a) Importer(815301076,1909f56bfc062723c751e8b465ee728b)  -> (artifact id: '02a518db644632d3c22cb73fdd47eaed') in 0.021792 seconds
  Import took 0.028849 seconds .

========================================================================
Received Prepare
Registering precompiled user dll's ...
Registered in 0.002132 seconds.
Begin MonoManager ReloadAssembly
Native extension for WindowsStandalone target not found
Refreshing native plugins compatible for Editor in 1.02 ms, found 1 plugins.
Preloading 0 native plugins for Editor in 0.00 ms.
Mono: successfully reloaded assembly
- Completed reload, in  1.981 seconds
Platform modules already initialized, skipping
Refreshing native plugins compatible for Editor in 0.55 ms, found 1 plugins.
Preloading 0 native plugins for Editor in 0.00 ms.
Unloading 1807 Unused Serialized files (Serialized files now loaded: 0)
System memory in use before: 84.9 MB.
System memory in use after: 84.9 MB.

Unloading 12 unused Assets to reduce memory usage. Loaded Objects now: 2262.
Total: 4.749000 ms (FindLiveObjects: 0.449400 ms CreateObjectMapping: 0.154600 ms MarkObjects: 3.971800 ms  DeleteObjects: 0.171000 ms)

========================================================================
Received Prepare
Registering precompiled user dll's ...
Registered in 0.001659 seconds.
Begin MonoManager ReloadAssembly
Native extension for WindowsStandalone target not found
Refreshing native plugins compatible for Editor in 0.57 ms, found 1 plugins.
Preloading 0 native plugins for Editor in 0.00 ms.
Mono: successfully reloaded assembly
- Completed reload, in  1.945 seconds
Platform modules already initialized, skipping
Refreshing native plugins compatible for Editor in 0.49 ms, found 1 plugins.
Preloading 0 native plugins for Editor in 0.00 ms.
Unloading 1807 Unused Serialized files (Serialized files now loaded: 0)
System memory in use before: 85.0 MB.
System memory in use after: 84.9 MB.

Unloading 12 unused Assets to reduce memory usage. Loaded Objects now: 2266.
Total: 4.732000 ms (FindLiveObjects: 0.278600 ms CreateObjectMapping: 0.124900 ms MarkObjects: 4.154400 ms  DeleteObjects: 0.171900 ms)

========================================================================
Received Prepare
Registering precompiled user dll's ...
Registered in 0.002168 seconds.
Begin MonoManager ReloadAssembly
Native extension for WindowsStandalone target not found
Refreshing native plugins compatible for Editor in 0.60 ms, found 1 plugins.
Preloading 0 native plugins for Editor in 0.00 ms.
Mono: successfully reloaded assembly
- Completed reload, in  1.861 seconds
Platform modules already initialized, skipping
Refreshing native plugins compatible for Editor in 0.63 ms, found 1 plugins.
Preloading 0 native plugins for Editor in 0.00 ms.
Unloading 1807 Unused Serialized files (Serialized files now loaded: 0)
System memory in use before: 85.0 MB.
System memory in use after: 85.0 MB.

Unloading 12 unused Assets to reduce memory usage. Loaded Objects now: 2270.
Total: 4.158500 ms (FindLiveObjects: 0.296200 ms CreateObjectMapping: 0.111300 ms MarkObjects: 3.558700 ms  DeleteObjects: 0.189800 ms)

========================================================================
Received Prepare
Registering precompiled user dll's ...
Registered in 0.001232 seconds.
Begin MonoManager ReloadAssembly
Native extension for WindowsStandalone target not found
Refreshing native plugins compatible for Editor in 0.45 ms, found 1 plugins.
Preloading 0 native plugins for Editor in 0.00 ms.
Mono: successfully reloaded assembly
- Completed reload, in  1.244 seconds
Platform modules already initialized, skipping
Refreshing native plugins compatible for Editor in 0.73 ms, found 1 plugins.
Preloading 0 native plugins for Editor in 0.00 ms.
Unloading 1807 Unused Serialized files (Serialized files now loaded: 0)
System memory in use before: 85.0 MB.
System memory in use after: 85.0 MB.

Unloading 12 unused Assets to reduce memory usage. Loaded Objects now: 2274.
Total: 4.608200 ms (FindLiveObjects: 0.361000 ms CreateObjectMapping: 0.173400 ms MarkObjects: 3.895100 ms  DeleteObjects: 0.176800 ms)

========================================================================
Received Prepare
Registering precompiled user dll's ...
Registered in 0.000802 seconds.
Begin MonoManager ReloadAssembly
Native extension for WindowsStandalone target not found
Refreshing native plugins compatible for Editor in 0.40 ms, found 1 plugins.
Preloading 0 native plugins for Editor in 0.00 ms.
Mono: successfully reloaded assembly
- Completed reload, in  0.933 seconds
Platform modules already initialized, skipping
Refreshing native plugins compatible for Editor in 0.37 ms, found 1 plugins.
Preloading 0 native plugins for Editor in 0.00 ms.
Unloading 1807 Unused Serialized files (Serialized files now loaded: 0)
System memory in use before: 85.0 MB.
System memory in use after: 85.0 MB.

Unloading 12 unused Assets to reduce memory usage. Loaded Objects now: 2278.
Total: 2.337800 ms (FindLiveObjects: 0.200700 ms CreateObjectMapping: 0.068000 ms MarkObjects: 1.954100 ms  DeleteObjects: 0.114100 ms)

========================================================================
Received Import Request.
  Time since last request: 4470.908826 seconds.
  path: Assets/Fonts/racemate-demo.regular.ttf
  artifactKey: Guid(33312b93604d40b48a3a47fa2e041eb9) Importer(815301076,1909f56bfc062723c751e8b465ee728b)
Start importing Assets/Fonts/racemate-demo.regular.ttf using Guid(33312b93604d40b48a3a47fa2e041eb9) Importer(815301076,1909f56bfc062723c751e8b465ee728b)  -> (artifact id: '76fbdca3a0d4248520316a9c081b8915') in 0.267716 seconds
  Import took 0.276262 seconds .

========================================================================
Received Import Request.
  Time since last request: 163.859412 seconds.
  path: Assets/Fonts/RacemateDemoItalic.ttf
  artifactKey: Guid(f00f0fa3205a4ee41be88a9f227210e9) Importer(815301076,1909f56bfc062723c751e8b465ee728b)
Start importing Assets/Fonts/RacemateDemoItalic.ttf using Guid(f00f0fa3205a4ee41be88a9f227210e9) Importer(815301076,1909f56bfc062723c751e8b465ee728b)  -> (artifact id: '1e378e133a3e9d6728784967b59d3a83') in 0.038995 seconds
  Import took 0.048815 seconds .

========================================================================
Received Import Request.
  Time since last request: 0.000431 seconds.
  path: Assets/Fonts/RacemateDemoOutline.ttf
  artifactKey: Guid(69036edda1a97d14b8af118e3164a29c) Importer(815301076,1909f56bfc062723c751e8b465ee728b)
Start importing Assets/Fonts/RacemateDemoOutline.ttf using Guid(69036edda1a97d14b8af118e3164a29c) Importer(815301076,1909f56bfc062723c751e8b465ee728b)  -> (artifact id: 'f484892af894a2f044a080b0c2a6867d') in 0.034031 seconds
  Import took 0.041315 seconds .

========================================================================
Received Import Request.
  Time since last request: 0.000289 seconds.
  path: Assets/Fonts/RacemateDemoRegular.ttf
  artifactKey: Guid(44660913e10c33342b236ea2810131f2) Importer(815301076,1909f56bfc062723c751e8b465ee728b)
Start importing Assets/Fonts/RacemateDemoRegular.ttf using Guid(44660913e10c33342b236ea2810131f2) Importer(815301076,1909f56bfc062723c751e8b465ee728b)  -> (artifact id: '086c6fa1b60f6a8e4e69ae2e070e4858') in 0.035359 seconds
  Import took 0.043028 seconds .

========================================================================
Received Import Request.
  Time since last request: 0.000377 seconds.
  path: Assets/Fonts/RacemateDemoOutline.ttf
  artifactKey: Guid(69036edda1a97d14b8af118e3164a29c) Importer(815301076,1909f56bfc062723c751e8b465ee728b)
Start importing Assets/Fonts/RacemateDemoOutline.ttf using Guid(69036edda1a97d14b8af118e3164a29c) Importer(815301076,1909f56bfc062723c751e8b465ee728b)  -> (artifact id: 'f484892af894a2f044a080b0c2a6867d') in 0.023960 seconds
  Import took 0.031934 seconds .

========================================================================
Received Import Request.
  Time since last request: 0.000344 seconds.
  path: Assets/Fonts/RacemateDemoItalic.ttf
  artifactKey: Guid(f00f0fa3205a4ee41be88a9f227210e9) Importer(815301076,1909f56bfc062723c751e8b465ee728b)
Start importing Assets/Fonts/RacemateDemoItalic.ttf using Guid(f00f0fa3205a4ee41be88a9f227210e9) Importer(815301076,1909f56bfc062723c751e8b465ee728b)  -> (artifact id: '1e378e133a3e9d6728784967b59d3a83') in 0.021537 seconds
  Import took 0.028962 seconds .

AssetImportWorkerClient::OnTransportError - code=2 error=End of file
